{"total": {"lines":{"total":24,"covered":22,"skipped":0,"pct":91.67},"statements":{"total":25,"covered":23,"skipped":0,"pct":92},"functions":{"total":10,"covered":10,"skipped":0,"pct":100},"branches":{"total":4,"covered":3,"skipped":0,"pct":75}}
,"D:\\dev\\benfordslaw\\src\\index.ts": {"lines":{"total":24,"covered":22,"skipped":0,"pct":91.67},"functions":{"total":10,"covered":10,"skipped":0,"pct":100},"statements":{"total":25,"covered":23,"skipped":0,"pct":92},"branches":{"total":4,"covered":3,"skipped":0,"pct":75}}
}
