{"total": {"lines":{"total":24,"covered":23,"skipped":0,"pct":95.83},"statements":{"total":26,"covered":25,"skipped":0,"pct":96.15},"functions":{"total":13,"covered":12,"skipped":0,"pct":92.31},"branches":{"total":2,"covered":2,"skipped":0,"pct":100}}
,"D:\\dev\\benfordslaw\\src\\index.ts": {"lines":{"total":24,"covered":23,"skipped":0,"pct":95.83},"functions":{"total":13,"covered":12,"skipped":0,"pct":92.31},"statements":{"total":26,"covered":25,"skipped":0,"pct":96.15},"branches":{"total":2,"covered":2,"skipped":0,"pct":100}}
}
